============================= test session starts ==============================
platform darwin -- Python 3.11.6, pytest-7.4.3, pluggy-1.3.0
rootdir: /Users/arjunsarao/Desktop/Coding Projects/ARM-LEG
collected 55 items

tests/test_arithmetic_operations.py .......                              [ 12%]
tests/test_branching.py .....                                            [ 21%]
tests/test_load_store.py ....                                            [ 29%]
tests/test_parsing_instructions.py ..................................... [ 96%]
..                                                                       [100%]

============================== 55 passed in 0.04s ==============================
